<?xml version="1.0" encoding="UTF-8"?>
<testsuite name="cat.itb.naimgomez7e5.m03.uf2.filmITB.test.FilmItbTest" tests="19" skipped="0" failures="0" errors="0" timestamp="2022-03-10T12:10:24" hostname="hA306-37-ZLV-018" time="0.103">
  <properties/>
  <testcase name="changeName()" classname="cat.itb.naimgomez7e5.m03.uf2.filmITB.test.FilmItbTest" time="0.031"/>
  <testcase name="addFavorites()" classname="cat.itb.naimgomez7e5.m03.uf2.filmITB.test.FilmItbTest" time="0.029"/>
  <testcase name="changeLastName()" classname="cat.itb.naimgomez7e5.m03.uf2.filmITB.test.FilmItbTest" time="0.001"/>
  <testcase name="searchFilmByMainActor()" classname="cat.itb.naimgomez7e5.m03.uf2.filmITB.test.FilmItbTest" time="0.029"/>
  <testcase name="searchFilmByNotWatched()" classname="cat.itb.naimgomez7e5.m03.uf2.filmITB.test.FilmItbTest" time="0.001"/>
  <testcase name="addFilm()" classname="cat.itb.naimgomez7e5.m03.uf2.filmITB.test.FilmItbTest" time="0.001"/>
  <testcase name="addUser()" classname="cat.itb.naimgomez7e5.m03.uf2.filmITB.test.FilmItbTest" time="0.001"/>
  <testcase name="searchFilmByMainGenere()" classname="cat.itb.naimgomez7e5.m03.uf2.filmITB.test.FilmItbTest" time="0.0"/>
  <testcase name="searchDirectorByDirectorName()" classname="cat.itb.naimgomez7e5.m03.uf2.filmITB.test.FilmItbTest" time="0.0"/>
  <testcase name="likesPerFilm()" classname="cat.itb.naimgomez7e5.m03.uf2.filmITB.test.FilmItbTest" time="0.001"/>
  <testcase name="displayWatchedFilms()" classname="cat.itb.naimgomez7e5.m03.uf2.filmITB.test.FilmItbTest" time="0.001"/>
  <testcase name="searchFilmByDuration()" classname="cat.itb.naimgomez7e5.m03.uf2.filmITB.test.FilmItbTest" time="0.0"/>
  <testcase name="getUserByName()" classname="cat.itb.naimgomez7e5.m03.uf2.filmITB.test.FilmItbTest" time="0.0"/>
  <testcase name="addFilmToWatchedFilms()" classname="cat.itb.naimgomez7e5.m03.uf2.filmITB.test.FilmItbTest" time="0.0"/>
  <testcase name="changeAge()" classname="cat.itb.naimgomez7e5.m03.uf2.filmITB.test.FilmItbTest" time="0.001"/>
  <testcase name="searchFilmByTitle()" classname="cat.itb.naimgomez7e5.m03.uf2.filmITB.test.FilmItbTest" time="0.0"/>
  <testcase name="deleteFilm()" classname="cat.itb.naimgomez7e5.m03.uf2.filmITB.test.FilmItbTest" time="0.0"/>
  <testcase name="deleteUser()" classname="cat.itb.naimgomez7e5.m03.uf2.filmITB.test.FilmItbTest" time="0.001"/>
  <testcase name="showFavorites()" classname="cat.itb.naimgomez7e5.m03.uf2.filmITB.test.FilmItbTest" time="0.0"/>
  <system-out><![CDATA[[cat.itb.naimgomez7e5.m03.uf2.filmITB.model.Film@20a4703b, cat.itb.naimgomez7e5.m03.uf2.filmITB.model.Film@48bf840b][cat.itb.naimgomez7e5.m03.uf2.filmITB.model.Film@12c1750e, cat.itb.naimgomez7e5.m03.uf2.filmITB.model.Film@f89aacd][cat.itb.naimgomez7e5.m03.uf2.filmITB.model.Film@5d388972, cat.itb.naimgomez7e5.m03.uf2.filmITB.model.Film@3f6dc70][cat.itb.naimgomez7e5.m03.uf2.filmITB.model.Film@3e87020a, cat.itb.naimgomez7e5.m03.uf2.filmITB.model.Film@4c4ff894][cat.itb.naimgomez7e5.m03.uf2.filmITB.model.Film@9d6507b, cat.itb.naimgomez7e5.m03.uf2.filmITB.model.Film@7db8f94d][cat.itb.naimgomez7e5.m03.uf2.filmITB.model.Film@5c5a5742, cat.itb.naimgomez7e5.m03.uf2.filmITB.model.Film@78e8d207][cat.itb.naimgomez7e5.m03.uf2.filmITB.model.Film@430600e9, cat.itb.naimgomez7e5.m03.uf2.filmITB.model.Film@794efb55][cat.itb.naimgomez7e5.m03.uf2.filmITB.model.Film@77a04379, cat.itb.naimgomez7e5.m03.uf2.filmITB.model.Film@49e6cf60][cat.itb.naimgomez7e5.m03.uf2.filmITB.model.Film@3a149ffd, cat.itb.naimgomez7e5.m03.uf2.filmITB.model.Film@340e5fb9][cat.itb.naimgomez7e5.m03.uf2.filmITB.model.Film@414079ca, cat.itb.naimgomez7e5.m03.uf2.filmITB.model.Film@3e22234d][cat.itb.naimgomez7e5.m03.uf2.filmITB.model.Film@2057a803, cat.itb.naimgomez7e5.m03.uf2.filmITB.model.Film@6662c827][cat.itb.naimgomez7e5.m03.uf2.filmITB.model.Film@24ae7308, cat.itb.naimgomez7e5.m03.uf2.filmITB.model.Film@b39149b][cat.itb.naimgomez7e5.m03.uf2.filmITB.model.Film@16b3b24f, cat.itb.naimgomez7e5.m03.uf2.filmITB.model.Film@6660734e][cat.itb.naimgomez7e5.m03.uf2.filmITB.model.Film@31817ab9, cat.itb.naimgomez7e5.m03.uf2.filmITB.model.Film@72df3dde][cat.itb.naimgomez7e5.m03.uf2.filmITB.model.Film@2684cbf5, cat.itb.naimgomez7e5.m03.uf2.filmITB.model.Film@2d3e2336][cat.itb.naimgomez7e5.m03.uf2.filmITB.model.Film@77b27f40, cat.itb.naimgomez7e5.m03.uf2.filmITB.model.Film@310f4a2][cat.itb.naimgomez7e5.m03.uf2.filmITB.model.Film@6654f5fd, cat.itb.naimgomez7e5.m03.uf2.filmITB.model.Film@6265a871][cat.itb.naimgomez7e5.m03.uf2.filmITB.model.Film@76cf7def, cat.itb.naimgomez7e5.m03.uf2.filmITB.model.Film@3267b511][cat.itb.naimgomez7e5.m03.uf2.filmITB.model.Film@735d45bd, cat.itb.naimgomez7e5.m03.uf2.filmITB.model.Film@3cb44d87]]]></system-out>
  <system-err><![CDATA[]]></system-err>
</testsuite>
